<?xml version="1.0" encoding="UTF-8"?>
<coverage generated="1603123312070" clover="3.2.0">
  <project timestamp="1603123312070" name="All files">
    <metrics statements="69" coveredstatements="69" conditionals="27" coveredconditionals="24" methods="10" coveredmethods="10" elements="106" coveredelements="103" complexity="0" loc="69" ncloc="69" packages="2" files="6" classes="6"/>
    <package name="src">
      <metrics statements="43" coveredstatements="43" conditionals="27" coveredconditionals="24" methods="4" coveredmethods="4"/>
      <file name="index.js" path="/home/abolanos/git/mljs/optimize-lorentzian/src/index.js">
        <metrics statements="0" coveredstatements="0" conditionals="0" coveredconditionals="0" methods="0" coveredmethods="0"/>
      </file>
      <file name="optimize.js" path="/home/abolanos/git/mljs/optimize-lorentzian/src/optimize.js">
        <metrics statements="2" coveredstatements="2" conditionals="1" coveredconditionals="0" methods="1" coveredmethods="1"/>
        <line num="10" count="2" type="stmt"/>
        <line num="11" count="2" type="stmt"/>
      </file>
      <file name="optimizeSum.js" path="/home/abolanos/git/mljs/optimize-lorentzian/src/optimizeSum.js">
        <metrics statements="41" coveredstatements="41" conditionals="26" coveredconditionals="24" methods="3" coveredmethods="3"/>
        <line num="18" count="5" type="cond" truecount="1" falsecount="1"/>
        <line num="20" count="5" type="stmt"/>
        <line num="21" count="155" type="stmt"/>
        <line num="25" count="5" type="cond" truecount="3" falsecount="0"/>
        <line num="27" count="2" type="stmt"/>
        <line num="28" count="2" type="stmt"/>
        <line num="29" count="2" type="stmt"/>
        <line num="31" count="1" type="stmt"/>
        <line num="32" count="1" type="stmt"/>
        <line num="33" count="1" type="stmt"/>
        <line num="35" count="2" type="stmt"/>
        <line num="36" count="2" type="stmt"/>
        <line num="39" count="5" type="stmt"/>
        <line num="40" count="5" type="stmt"/>
        <line num="41" count="5" type="stmt"/>
        <line num="42" count="5" type="stmt"/>
        <line num="43" count="5" type="stmt"/>
        <line num="45" count="5" type="stmt"/>
        <line num="46" count="8" type="stmt"/>
        <line num="47" count="8" type="stmt"/>
        <line num="48" count="26" type="stmt"/>
        <line num="49" count="26" type="stmt"/>
        <line num="50" count="26" type="stmt"/>
        <line num="54" count="5" type="stmt"/>
        <line num="63" count="5" type="stmt"/>
        <line num="65" count="5" type="stmt"/>
        <line num="66" count="5" type="stmt"/>
        <line num="67" count="8" type="stmt"/>
        <line num="68" count="8" type="stmt"/>
        <line num="69" count="8" type="stmt"/>
        <line num="70" count="26" type="stmt"/>
        <line num="73" count="5" type="stmt"/>
        <line num="78" count="78" type="cond" truecount="4" falsecount="0"/>
        <line num="80" count="24" type="stmt"/>
        <line num="82" count="24" type="stmt"/>
        <line num="84" count="24" type="cond" truecount="4" falsecount="0"/>
        <line num="85" count="24" type="stmt"/>
        <line num="87" count="24" type="stmt"/>
        <line num="93" count="24" type="stmt"/>
        <line num="95" count="6" type="cond" truecount="4" falsecount="0"/>
        <line num="97" count="78" type="stmt"/>
      </file>
    </package>
    <package name="src.shapes">
      <metrics statements="26" coveredstatements="26" conditionals="0" coveredconditionals="0" methods="6" coveredmethods="6"/>
      <file name="sumOfGaussianLorentzians.js" path="/home/abolanos/git/mljs/optimize-lorentzian/src/shapes/sumOfGaussianLorentzians.js">
        <metrics statements="12" coveredstatements="12" conditionals="0" coveredconditionals="0" methods="2" coveredmethods="2"/>
        <line num="10" count="1002" type="stmt"/>
        <line num="11" count="31062" type="stmt"/>
        <line num="12" count="31062" type="stmt"/>
        <line num="13" count="31062" type="stmt"/>
        <line num="14" count="62124" type="stmt"/>
        <line num="15" count="62124" type="stmt"/>
        <line num="16" count="62124" type="stmt"/>
        <line num="17" count="62124" type="stmt"/>
        <line num="18" count="62124" type="stmt"/>
        <line num="19" count="62124" type="stmt"/>
        <line num="20" count="62124" type="stmt"/>
        <line num="24" count="31062" type="stmt"/>
      </file>
      <file name="sumOfGaussians.js" path="/home/abolanos/git/mljs/optimize-lorentzian/src/shapes/sumOfGaussians.js">
        <metrics statements="6" coveredstatements="6" conditionals="0" coveredconditionals="0" methods="2" coveredmethods="2"/>
        <line num="10" count="113" type="stmt"/>
        <line num="11" count="3503" type="stmt"/>
        <line num="12" count="3503" type="stmt"/>
        <line num="13" count="3503" type="stmt"/>
        <line num="14" count="5549" type="stmt"/>
        <line num="17" count="3503" type="stmt"/>
      </file>
      <file name="sumOfLorentzians.js" path="/home/abolanos/git/mljs/optimize-lorentzian/src/shapes/sumOfLorentzians.js">
        <metrics statements="8" coveredstatements="8" conditionals="0" coveredconditionals="0" methods="2" coveredmethods="2"/>
        <line num="10" count="230" type="stmt"/>
        <line num="11" count="7130" type="stmt"/>
        <line num="12" count="7130" type="stmt"/>
        <line num="13" count="7130" type="stmt"/>
        <line num="14" count="11408" type="stmt"/>
        <line num="15" count="11408" type="stmt"/>
        <line num="16" count="11408" type="stmt"/>
        <line num="18" count="7130" type="stmt"/>
      </file>
    </package>
  </project>
</coverage>
