{"/Users/lpatiny/git/mljs/optimize-lorentzian/src/index.js": {"path":"/Users/lpatiny/git/mljs/optimize-lorentzian/src/index.js","statementMap":{},"fnMap":{},"branchMap":{},"s":{},"f":{},"b":{},"_coverageSchema":"1a1c01bbd47fc00a2c39e90264f33305004495a9","hash":"0176b6e5cd6229078f9ec67c358ad733101a6606"}
,"/Users/lpatiny/git/mljs/optimize-lorentzian/src/optimizeGaussianLorentzianSum.js": {"path":"/Users/lpatiny/git/mljs/optimize-lorentzian/src/optimizeGaussianLorentzianSum.js","statementMap":{"0":{"start":{"line":6,"column":10},"end":{"line":6,"column":15}},"1":{"start":{"line":7,"column":14},"end":{"line":7,"column":19}},"2":{"start":{"line":8,"column":13},"end":{"line":8,"column":31}},"3":{"start":{"line":9,"column":2},"end":{"line":9,"column":49}},"4":{"start":{"line":9,"column":32},"end":{"line":9,"column":46}},"5":{"start":{"line":10,"column":11},"end":{"line":10,"column":23}},"6":{"start":{"line":11,"column":14},"end":{"line":11,"column":38}},"7":{"start":{"line":12,"column":13},"end":{"line":12,"column":37}},"8":{"start":{"line":13,"column":13},"end":{"line":13,"column":37}},"9":{"start":{"line":14,"column":11},"end":{"line":14,"column":32}},"10":{"start":{"line":16,"column":2},"end":{"line":31,"column":3}},"11":{"start":{"line":16,"column":15},"end":{"line":16,"column":16}},"12":{"start":{"line":17,"column":4},"end":{"line":17,"column":26}},"13":{"start":{"line":18,"column":4},"end":{"line":18,"column":22}},"14":{"start":{"line":19,"column":4},"end":{"line":19,"column":39}},"15":{"start":{"line":20,"column":4},"end":{"line":20,"column":28}},"16":{"start":{"line":22,"column":4},"end":{"line":22,"column":30}},"17":{"start":{"line":23,"column":4},"end":{"line":23,"column":21}},"18":{"start":{"line":24,"column":4},"end":{"line":24,"column":42}},"19":{"start":{"line":25,"column":4},"end":{"line":25,"column":25}},"20":{"start":{"line":27,"column":4},"end":{"line":27,"column":30}},"21":{"start":{"line":28,"column":4},"end":{"line":28,"column":23}},"22":{"start":{"line":29,"column":4},"end":{"line":29,"column":42}},"23":{"start":{"line":30,"column":4},"end":{"line":30,"column":25}},"24":{"start":{"line":33,"column":13},"end":{"line":36,"column":3}},"25":{"start":{"line":38,"column":15},"end":{"line":38,"column":28}},"26":{"start":{"line":40,"column":18},"end":{"line":48,"column":3}},"27":{"start":{"line":49,"column":2},"end":{"line":49,"column":44}},"28":{"start":{"line":50,"column":13},"end":{"line":50,"column":53}},"29":{"start":{"line":51,"column":2},"end":{"line":61,"column":3}},"30":{"start":{"line":51,"column":15},"end":{"line":51,"column":16}},"31":{"start":{"line":52,"column":4},"end":{"line":60,"column":6}},"32":{"start":{"line":62,"column":2},"end":{"line":62,"column":16}}},"fnMap":{"0":{"name":"optimizeGaussianLorentzianSum","decl":{"start":{"line":5,"column":16},"end":{"line":5,"column":45}},"loc":{"start":{"line":5,"column":68},"end":{"line":63,"column":1}},"line":5},"1":{"name":"(anonymous_1)","decl":{"start":{"line":9,"column":16},"end":{"line":9,"column":17}},"loc":{"start":{"line":9,"column":32},"end":{"line":9,"column":46}},"line":9}},"branchMap":{"0":{"loc":{"start":{"line":5,"column":57},"end":{"line":5,"column":66}},"type":"default-arg","locations":[{"start":{"line":5,"column":64},"end":{"line":5,"column":66}}],"line":5}},"s":{"0":1,"1":1,"2":1,"3":1,"4":31,"5":1,"6":1,"7":1,"8":1,"9":1,"10":1,"11":1,"12":2,"13":2,"14":2,"15":2,"16":2,"17":2,"18":2,"19":2,"20":2,"21":2,"22":2,"23":2,"24":1,"25":1,"26":1,"27":1,"28":1,"29":1,"30":1,"31":2,"32":1},"f":{"0":1,"1":31},"b":{"0":[1]},"_coverageSchema":"1a1c01bbd47fc00a2c39e90264f33305004495a9","hash":"f54c662513a65a3eba7fe9755ec5e657241d6e55"}
,"/Users/lpatiny/git/mljs/optimize-lorentzian/src/optimizeGaussianSum.js": {"path":"/Users/lpatiny/git/mljs/optimize-lorentzian/src/optimizeGaussianSum.js","statementMap":{"0":{"start":{"line":12,"column":10},"end":{"line":12,"column":15}},"1":{"start":{"line":13,"column":14},"end":{"line":13,"column":19}},"2":{"start":{"line":14,"column":13},"end":{"line":14,"column":31}},"3":{"start":{"line":15,"column":2},"end":{"line":15,"column":49}},"4":{"start":{"line":15,"column":32},"end":{"line":15,"column":46}},"5":{"start":{"line":16,"column":11},"end":{"line":16,"column":23}},"6":{"start":{"line":17,"column":14},"end":{"line":17,"column":38}},"7":{"start":{"line":18,"column":13},"end":{"line":18,"column":37}},"8":{"start":{"line":19,"column":13},"end":{"line":19,"column":37}},"9":{"start":{"line":20,"column":11},"end":{"line":20,"column":32}},"10":{"start":{"line":22,"column":2},"end":{"line":34,"column":3}},"11":{"start":{"line":22,"column":15},"end":{"line":22,"column":16}},"12":{"start":{"line":23,"column":4},"end":{"line":23,"column":26}},"13":{"start":{"line":24,"column":4},"end":{"line":24,"column":38}},"14":{"start":{"line":25,"column":4},"end":{"line":25,"column":39}},"15":{"start":{"line":27,"column":4},"end":{"line":27,"column":30}},"16":{"start":{"line":28,"column":4},"end":{"line":28,"column":21}},"17":{"start":{"line":29,"column":4},"end":{"line":29,"column":42}},"18":{"start":{"line":31,"column":4},"end":{"line":31,"column":30}},"19":{"start":{"line":32,"column":4},"end":{"line":32,"column":45}},"20":{"start":{"line":33,"column":4},"end":{"line":33,"column":42}},"21":{"start":{"line":36,"column":13},"end":{"line":39,"column":3}},"22":{"start":{"line":40,"column":15},"end":{"line":40,"column":28}},"23":{"start":{"line":42,"column":18},"end":{"line":50,"column":3}},"24":{"start":{"line":52,"column":2},"end":{"line":52,"column":44}},"25":{"start":{"line":54,"column":13},"end":{"line":54,"column":43}},"26":{"start":{"line":55,"column":2},"end":{"line":64,"column":3}},"27":{"start":{"line":55,"column":15},"end":{"line":55,"column":16}},"28":{"start":{"line":56,"column":4},"end":{"line":63,"column":6}},"29":{"start":{"line":65,"column":2},"end":{"line":65,"column":16}}},"fnMap":{"0":{"name":"optimizeGaussianSum","decl":{"start":{"line":11,"column":16},"end":{"line":11,"column":35}},"loc":{"start":{"line":11,"column":58},"end":{"line":66,"column":1}},"line":11},"1":{"name":"(anonymous_1)","decl":{"start":{"line":15,"column":16},"end":{"line":15,"column":17}},"loc":{"start":{"line":15,"column":32},"end":{"line":15,"column":46}},"line":15}},"branchMap":{"0":{"loc":{"start":{"line":11,"column":47},"end":{"line":11,"column":56}},"type":"default-arg","locations":[{"start":{"line":11,"column":54},"end":{"line":11,"column":56}}],"line":11}},"s":{"0":1,"1":1,"2":1,"3":1,"4":31,"5":1,"6":1,"7":1,"8":1,"9":1,"10":1,"11":1,"12":2,"13":2,"14":2,"15":2,"16":2,"17":2,"18":2,"19":2,"20":2,"21":1,"22":1,"23":1,"24":1,"25":1,"26":1,"27":1,"28":2,"29":1},"f":{"0":1,"1":31},"b":{"0":[1]},"_coverageSchema":"1a1c01bbd47fc00a2c39e90264f33305004495a9","hash":"c70d271d9caceef85a05043e745c624ca6fa2716"}
,"/Users/lpatiny/git/mljs/optimize-lorentzian/src/optimizeGaussianTrain.js": {"path":"/Users/lpatiny/git/mljs/optimize-lorentzian/src/optimizeGaussianTrain.js","statementMap":{"0":{"start":{"line":7,"column":10},"end":{"line":7,"column":15}},"1":{"start":{"line":8,"column":14},"end":{"line":8,"column":19}},"2":{"start":{"line":9,"column":13},"end":{"line":9,"column":31}},"3":{"start":{"line":10,"column":2},"end":{"line":10,"column":49}},"4":{"start":{"line":10,"column":32},"end":{"line":10,"column":46}},"5":{"start":{"line":11,"column":21},"end":{"line":11,"column":22}},"6":{"start":{"line":12,"column":17},"end":{"line":12,"column":25}},"7":{"start":{"line":15,"column":15},"end":{"line":15,"column":17}},"8":{"start":{"line":17,"column":2},"end":{"line":44,"column":3}},"9":{"start":{"line":17,"column":15},"end":{"line":17,"column":16}},"10":{"start":{"line":18,"column":4},"end":{"line":18,"column":46}},"11":{"start":{"line":19,"column":4},"end":{"line":19,"column":65}},"12":{"start":{"line":20,"column":4},"end":{"line":20,"column":46}},"13":{"start":{"line":21,"column":4},"end":{"line":21,"column":12}},"14":{"start":{"line":22,"column":4},"end":{"line":22,"column":12}},"15":{"start":{"line":23,"column":4},"end":{"line":27,"column":5}},"16":{"start":{"line":24,"column":6},"end":{"line":24,"column":31}},"17":{"start":{"line":25,"column":6},"end":{"line":25,"column":42}},"18":{"start":{"line":26,"column":6},"end":{"line":26,"column":21}},"19":{"start":{"line":28,"column":4},"end":{"line":28,"column":63}},"20":{"start":{"line":29,"column":4},"end":{"line":43,"column":5}},"21":{"start":{"line":30,"column":6},"end":{"line":35,"column":9}},"22":{"start":{"line":37,"column":6},"end":{"line":42,"column":9}},"23":{"start":{"line":45,"column":2},"end":{"line":45,"column":16}}},"fnMap":{"0":{"name":"optimizeGaussianTrain","decl":{"start":{"line":6,"column":16},"end":{"line":6,"column":37}},"loc":{"start":{"line":6,"column":60},"end":{"line":46,"column":1}},"line":6},"1":{"name":"(anonymous_1)","decl":{"start":{"line":10,"column":16},"end":{"line":10,"column":17}},"loc":{"start":{"line":10,"column":32},"end":{"line":10,"column":46}},"line":10}},"branchMap":{"0":{"loc":{"start":{"line":6,"column":49},"end":{"line":6,"column":58}},"type":"default-arg","locations":[{"start":{"line":6,"column":56},"end":{"line":6,"column":58}}],"line":6},"1":{"loc":{"start":{"line":19,"column":11},"end":{"line":19,"column":63}},"type":"binary-expr","locations":[{"start":{"line":19,"column":11},"end":{"line":19,"column":36}},{"start":{"line":19,"column":40},"end":{"line":19,"column":63}}],"line":19},"2":{"loc":{"start":{"line":23,"column":11},"end":{"line":23,"column":62}},"type":"binary-expr","locations":[{"start":{"line":23,"column":11},"end":{"line":23,"column":35}},{"start":{"line":23,"column":39},"end":{"line":23,"column":62}}],"line":23},"3":{"loc":{"start":{"line":29,"column":4},"end":{"line":43,"column":5}},"type":"if","locations":[{"start":{"line":29,"column":4},"end":{"line":43,"column":5}},{"start":{"line":29,"column":4},"end":{"line":43,"column":5}}],"line":29}},"s":{"0":1,"1":1,"2":1,"3":1,"4":31,"5":1,"6":1,"7":1,"8":1,"9":1,"10":1,"11":1,"12":1,"13":1,"14":1,"15":1,"16":15,"17":15,"18":15,"19":1,"20":1,"21":1,"22":0,"23":1},"f":{"0":1,"1":31},"b":{"0":[1],"1":[10,9],"2":[16,15],"3":[1,0]},"_coverageSchema":"1a1c01bbd47fc00a2c39e90264f33305004495a9","hash":"2c1b531b00a8ddd7dbd5f5b57ebe621ef948c268"}
,"/Users/lpatiny/git/mljs/optimize-lorentzian/src/optimizeLorentzianSum.js": {"path":"/Users/lpatiny/git/mljs/optimize-lorentzian/src/optimizeLorentzianSum.js","statementMap":{"0":{"start":{"line":12,"column":10},"end":{"line":12,"column":15}},"1":{"start":{"line":13,"column":14},"end":{"line":13,"column":19}},"2":{"start":{"line":14,"column":13},"end":{"line":14,"column":31}},"3":{"start":{"line":15,"column":2},"end":{"line":15,"column":49}},"4":{"start":{"line":15,"column":32},"end":{"line":15,"column":46}},"5":{"start":{"line":17,"column":11},"end":{"line":17,"column":23}},"6":{"start":{"line":18,"column":14},"end":{"line":18,"column":38}},"7":{"start":{"line":19,"column":13},"end":{"line":19,"column":37}},"8":{"start":{"line":20,"column":13},"end":{"line":20,"column":37}},"9":{"start":{"line":21,"column":11},"end":{"line":21,"column":32}},"10":{"start":{"line":23,"column":2},"end":{"line":35,"column":3}},"11":{"start":{"line":23,"column":15},"end":{"line":23,"column":16}},"12":{"start":{"line":24,"column":4},"end":{"line":24,"column":26}},"13":{"start":{"line":25,"column":4},"end":{"line":25,"column":22}},"14":{"start":{"line":26,"column":4},"end":{"line":26,"column":39}},"15":{"start":{"line":28,"column":4},"end":{"line":28,"column":30}},"16":{"start":{"line":29,"column":4},"end":{"line":29,"column":21}},"17":{"start":{"line":30,"column":4},"end":{"line":30,"column":42}},"18":{"start":{"line":32,"column":4},"end":{"line":32,"column":30}},"19":{"start":{"line":33,"column":4},"end":{"line":33,"column":23}},"20":{"start":{"line":34,"column":4},"end":{"line":34,"column":42}},"21":{"start":{"line":37,"column":13},"end":{"line":40,"column":3}},"22":{"start":{"line":42,"column":15},"end":{"line":42,"column":28}},"23":{"start":{"line":44,"column":18},"end":{"line":52,"column":3}},"24":{"start":{"line":54,"column":2},"end":{"line":54,"column":44}},"25":{"start":{"line":56,"column":13},"end":{"line":56,"column":45}},"26":{"start":{"line":57,"column":2},"end":{"line":66,"column":3}},"27":{"start":{"line":57,"column":15},"end":{"line":57,"column":16}},"28":{"start":{"line":58,"column":4},"end":{"line":65,"column":6}},"29":{"start":{"line":67,"column":2},"end":{"line":67,"column":16}}},"fnMap":{"0":{"name":"optimizeLorentzianSum","decl":{"start":{"line":11,"column":16},"end":{"line":11,"column":37}},"loc":{"start":{"line":11,"column":60},"end":{"line":68,"column":1}},"line":11},"1":{"name":"(anonymous_1)","decl":{"start":{"line":15,"column":16},"end":{"line":15,"column":17}},"loc":{"start":{"line":15,"column":32},"end":{"line":15,"column":46}},"line":15}},"branchMap":{"0":{"loc":{"start":{"line":11,"column":49},"end":{"line":11,"column":58}},"type":"default-arg","locations":[{"start":{"line":11,"column":56},"end":{"line":11,"column":58}}],"line":11}},"s":{"0":1,"1":1,"2":1,"3":1,"4":31,"5":1,"6":1,"7":1,"8":1,"9":1,"10":1,"11":1,"12":2,"13":2,"14":2,"15":2,"16":2,"17":2,"18":2,"19":2,"20":2,"21":1,"22":1,"23":1,"24":1,"25":1,"26":1,"27":1,"28":2,"29":1},"f":{"0":1,"1":31},"b":{"0":[1]},"_coverageSchema":"1a1c01bbd47fc00a2c39e90264f33305004495a9","hash":"6e2eb6983b5092efbeac919caf0f44c87409b2b9"}
,"/Users/lpatiny/git/mljs/optimize-lorentzian/src/optimizeLorentzianTrain.js": {"path":"/Users/lpatiny/git/mljs/optimize-lorentzian/src/optimizeLorentzianTrain.js","statementMap":{"0":{"start":{"line":7,"column":10},"end":{"line":7,"column":15}},"1":{"start":{"line":8,"column":14},"end":{"line":8,"column":19}},"2":{"start":{"line":9,"column":13},"end":{"line":9,"column":31}},"3":{"start":{"line":10,"column":2},"end":{"line":10,"column":49}},"4":{"start":{"line":10,"column":32},"end":{"line":10,"column":46}},"5":{"start":{"line":11,"column":21},"end":{"line":11,"column":22}},"6":{"start":{"line":12,"column":17},"end":{"line":12,"column":25}},"7":{"start":{"line":15,"column":15},"end":{"line":15,"column":17}},"8":{"start":{"line":17,"column":2},"end":{"line":44,"column":3}},"9":{"start":{"line":17,"column":15},"end":{"line":17,"column":16}},"10":{"start":{"line":18,"column":4},"end":{"line":18,"column":46}},"11":{"start":{"line":19,"column":4},"end":{"line":19,"column":65}},"12":{"start":{"line":20,"column":4},"end":{"line":20,"column":46}},"13":{"start":{"line":21,"column":4},"end":{"line":21,"column":12}},"14":{"start":{"line":22,"column":4},"end":{"line":22,"column":12}},"15":{"start":{"line":23,"column":4},"end":{"line":27,"column":5}},"16":{"start":{"line":24,"column":6},"end":{"line":24,"column":31}},"17":{"start":{"line":25,"column":6},"end":{"line":25,"column":42}},"18":{"start":{"line":26,"column":6},"end":{"line":26,"column":21}},"19":{"start":{"line":28,"column":4},"end":{"line":28,"column":65}},"20":{"start":{"line":29,"column":4},"end":{"line":43,"column":5}},"21":{"start":{"line":30,"column":6},"end":{"line":35,"column":9}},"22":{"start":{"line":37,"column":6},"end":{"line":42,"column":9}},"23":{"start":{"line":45,"column":2},"end":{"line":45,"column":16}}},"fnMap":{"0":{"name":"optimizeLorentzianTrain","decl":{"start":{"line":6,"column":16},"end":{"line":6,"column":39}},"loc":{"start":{"line":6,"column":62},"end":{"line":46,"column":1}},"line":6},"1":{"name":"(anonymous_1)","decl":{"start":{"line":10,"column":16},"end":{"line":10,"column":17}},"loc":{"start":{"line":10,"column":32},"end":{"line":10,"column":46}},"line":10}},"branchMap":{"0":{"loc":{"start":{"line":6,"column":51},"end":{"line":6,"column":60}},"type":"default-arg","locations":[{"start":{"line":6,"column":58},"end":{"line":6,"column":60}}],"line":6},"1":{"loc":{"start":{"line":19,"column":11},"end":{"line":19,"column":63}},"type":"binary-expr","locations":[{"start":{"line":19,"column":11},"end":{"line":19,"column":36}},{"start":{"line":19,"column":40},"end":{"line":19,"column":63}}],"line":19},"2":{"loc":{"start":{"line":23,"column":11},"end":{"line":23,"column":62}},"type":"binary-expr","locations":[{"start":{"line":23,"column":11},"end":{"line":23,"column":35}},{"start":{"line":23,"column":39},"end":{"line":23,"column":62}}],"line":23},"3":{"loc":{"start":{"line":29,"column":4},"end":{"line":43,"column":5}},"type":"if","locations":[{"start":{"line":29,"column":4},"end":{"line":43,"column":5}},{"start":{"line":29,"column":4},"end":{"line":43,"column":5}}],"line":29}},"s":{"0":1,"1":1,"2":1,"3":1,"4":31,"5":1,"6":1,"7":1,"8":1,"9":1,"10":1,"11":1,"12":1,"13":1,"14":1,"15":1,"16":15,"17":15,"18":15,"19":1,"20":1,"21":1,"22":0,"23":1},"f":{"0":1,"1":31},"b":{"0":[1],"1":[10,9],"2":[16,15],"3":[1,0]},"_coverageSchema":"1a1c01bbd47fc00a2c39e90264f33305004495a9","hash":"92a911f80394e8b23f6046b51a8071de9d4de679"}
,"/Users/lpatiny/git/mljs/optimize-lorentzian/src/optimizeSingleGaussian.js": {"path":"/Users/lpatiny/git/mljs/optimize-lorentzian/src/optimizeSingleGaussian.js","statementMap":{"0":{"start":{"line":11,"column":10},"end":{"line":11,"column":15}},"1":{"start":{"line":12,"column":14},"end":{"line":12,"column":19}},"2":{"start":{"line":13,"column":13},"end":{"line":13,"column":31}},"3":{"start":{"line":14,"column":2},"end":{"line":14,"column":49}},"4":{"start":{"line":14,"column":32},"end":{"line":14,"column":46}},"5":{"start":{"line":15,"column":11},"end":{"line":15,"column":32}},"6":{"start":{"line":16,"column":14},"end":{"line":16,"column":55}},"7":{"start":{"line":17,"column":13},"end":{"line":17,"column":63}},"8":{"start":{"line":18,"column":13},"end":{"line":18,"column":66}},"9":{"start":{"line":20,"column":13},"end":{"line":23,"column":3}},"10":{"start":{"line":25,"column":18},"end":{"line":33,"column":3}},"11":{"start":{"line":35,"column":2},"end":{"line":35,"column":44}},"12":{"start":{"line":36,"column":13},"end":{"line":36,"column":43}},"13":{"start":{"line":37,"column":2},"end":{"line":44,"column":4}}},"fnMap":{"0":{"name":"optimizeSingleGaussian","decl":{"start":{"line":10,"column":16},"end":{"line":10,"column":38}},"loc":{"start":{"line":10,"column":60},"end":{"line":45,"column":1}},"line":10},"1":{"name":"(anonymous_1)","decl":{"start":{"line":14,"column":16},"end":{"line":14,"column":17}},"loc":{"start":{"line":14,"column":32},"end":{"line":14,"column":46}},"line":14}},"branchMap":{"0":{"loc":{"start":{"line":10,"column":49},"end":{"line":10,"column":58}},"type":"default-arg","locations":[{"start":{"line":10,"column":56},"end":{"line":10,"column":58}}],"line":10}},"s":{"0":2,"1":2,"2":2,"3":2,"4":46,"5":2,"6":2,"7":2,"8":2,"9":2,"10":2,"11":2,"12":2,"13":2},"f":{"0":2,"1":46},"b":{"0":[1]},"_coverageSchema":"1a1c01bbd47fc00a2c39e90264f33305004495a9","hash":"62c921c75026ae5507fe40c8cc8eda8c1f56a06b"}
,"/Users/lpatiny/git/mljs/optimize-lorentzian/src/optimizeSingleLorentzian.js": {"path":"/Users/lpatiny/git/mljs/optimize-lorentzian/src/optimizeSingleLorentzian.js","statementMap":{"0":{"start":{"line":11,"column":10},"end":{"line":11,"column":15}},"1":{"start":{"line":12,"column":14},"end":{"line":12,"column":19}},"2":{"start":{"line":13,"column":13},"end":{"line":13,"column":31}},"3":{"start":{"line":14,"column":2},"end":{"line":14,"column":49}},"4":{"start":{"line":14,"column":32},"end":{"line":14,"column":46}},"5":{"start":{"line":15,"column":11},"end":{"line":15,"column":32}},"6":{"start":{"line":16,"column":14},"end":{"line":16,"column":55}},"7":{"start":{"line":17,"column":13},"end":{"line":17,"column":66}},"8":{"start":{"line":18,"column":13},"end":{"line":18,"column":66}},"9":{"start":{"line":20,"column":13},"end":{"line":23,"column":3}},"10":{"start":{"line":25,"column":18},"end":{"line":33,"column":3}},"11":{"start":{"line":34,"column":2},"end":{"line":34,"column":44}},"12":{"start":{"line":35,"column":13},"end":{"line":35,"column":45}},"13":{"start":{"line":36,"column":2},"end":{"line":43,"column":4}}},"fnMap":{"0":{"name":"optimizeSingleLorentzian","decl":{"start":{"line":10,"column":16},"end":{"line":10,"column":40}},"loc":{"start":{"line":10,"column":62},"end":{"line":44,"column":1}},"line":10},"1":{"name":"(anonymous_1)","decl":{"start":{"line":14,"column":16},"end":{"line":14,"column":17}},"loc":{"start":{"line":14,"column":32},"end":{"line":14,"column":46}},"line":14}},"branchMap":{"0":{"loc":{"start":{"line":10,"column":51},"end":{"line":10,"column":60}},"type":"default-arg","locations":[{"start":{"line":10,"column":58},"end":{"line":10,"column":60}}],"line":10}},"s":{"0":2,"1":2,"2":2,"3":2,"4":46,"5":2,"6":2,"7":2,"8":2,"9":2,"10":2,"11":2,"12":2,"13":2},"f":{"0":2,"1":46},"b":{"0":[1]},"_coverageSchema":"1a1c01bbd47fc00a2c39e90264f33305004495a9","hash":"b27476a0fac7b443b44480a1d53065b456a6fb6f"}
,"/Users/lpatiny/git/mljs/optimize-lorentzian/src/singleGaussian.js": {"path":"/Users/lpatiny/git/mljs/optimize-lorentzian/src/singleGaussian.js","statementMap":{"0":{"start":{"line":10,"column":2},"end":{"line":19,"column":4}},"1":{"start":{"line":11,"column":18},"end":{"line":11,"column":35}},"2":{"start":{"line":12,"column":15},"end":{"line":12,"column":23}},"3":{"start":{"line":13,"column":4},"end":{"line":13,"column":76}},"4":{"start":{"line":13,"column":15},"end":{"line":13,"column":76}},"5":{"start":{"line":14,"column":17},"end":{"line":14,"column":43}},"6":{"start":{"line":15,"column":4},"end":{"line":17,"column":5}},"7":{"start":{"line":15,"column":17},"end":{"line":15,"column":18}},"8":{"start":{"line":16,"column":6},"end":{"line":16,"column":78}},"9":{"start":{"line":18,"column":4},"end":{"line":18,"column":18}}},"fnMap":{"0":{"name":"singleGaussian","decl":{"start":{"line":9,"column":16},"end":{"line":9,"column":30}},"loc":{"start":{"line":9,"column":34},"end":{"line":20,"column":1}},"line":9},"1":{"name":"(anonymous_1)","decl":{"start":{"line":10,"column":9},"end":{"line":10,"column":10}},"loc":{"start":{"line":10,"column":22},"end":{"line":19,"column":3}},"line":10}},"branchMap":{"0":{"loc":{"start":{"line":13,"column":4},"end":{"line":13,"column":76}},"type":"if","locations":[{"start":{"line":13,"column":4},"end":{"line":13,"column":76}},{"start":{"line":13,"column":4},"end":{"line":13,"column":76}}],"line":13}},"s":{"0":134,"1":3038,"2":3038,"3":3038,"4":3036,"5":2,"6":2,"7":2,"8":62,"9":2},"f":{"0":134,"1":3038},"b":{"0":[3036,2]},"_coverageSchema":"1a1c01bbd47fc00a2c39e90264f33305004495a9","hash":"7ccde4d8b29ac6409cd652fb0c35f9ade6d652c0"}
,"/Users/lpatiny/git/mljs/optimize-lorentzian/src/singleLorentzian.js": {"path":"/Users/lpatiny/git/mljs/optimize-lorentzian/src/singleLorentzian.js","statementMap":{"0":{"start":{"line":10,"column":2},"end":{"line":19,"column":4}},"1":{"start":{"line":11,"column":17},"end":{"line":11,"column":45}},"2":{"start":{"line":12,"column":15},"end":{"line":12,"column":23}},"3":{"start":{"line":13,"column":4},"end":{"line":13,"column":79}},"4":{"start":{"line":13,"column":15},"end":{"line":13,"column":79}},"5":{"start":{"line":14,"column":17},"end":{"line":14,"column":39}},"6":{"start":{"line":15,"column":4},"end":{"line":17,"column":5}},"7":{"start":{"line":15,"column":17},"end":{"line":15,"column":18}},"8":{"start":{"line":16,"column":6},"end":{"line":16,"column":78}},"9":{"start":{"line":18,"column":4},"end":{"line":18,"column":18}}},"fnMap":{"0":{"name":"singleLorentzian","decl":{"start":{"line":9,"column":16},"end":{"line":9,"column":32}},"loc":{"start":{"line":9,"column":36},"end":{"line":20,"column":1}},"line":9},"1":{"name":"(anonymous_1)","decl":{"start":{"line":10,"column":9},"end":{"line":10,"column":10}},"loc":{"start":{"line":10,"column":22},"end":{"line":19,"column":3}},"line":10}},"branchMap":{"0":{"loc":{"start":{"line":13,"column":4},"end":{"line":13,"column":79}},"type":"if","locations":[{"start":{"line":13,"column":4},"end":{"line":13,"column":79}},{"start":{"line":13,"column":4},"end":{"line":13,"column":79}}],"line":13}},"s":{"0":184,"1":4188,"2":4188,"3":4188,"4":4186,"5":2,"6":2,"7":2,"8":62,"9":2},"f":{"0":184,"1":4188},"b":{"0":[4186,2]},"_coverageSchema":"1a1c01bbd47fc00a2c39e90264f33305004495a9","hash":"74e3600cc22604e0648f3b4638ff0903689aae20"}
,"/Users/lpatiny/git/mljs/optimize-lorentzian/src/sumOfGaussianLorentzians.js": {"path":"/Users/lpatiny/git/mljs/optimize-lorentzian/src/sumOfGaussianLorentzians.js","statementMap":{"0":{"start":{"line":10,"column":2},"end":{"line":38,"column":4}},"1":{"start":{"line":11,"column":13},"end":{"line":11,"column":25}},"2":{"start":{"line":15,"column":15},"end":{"line":15,"column":23}},"3":{"start":{"line":17,"column":17},"end":{"line":17,"column":72}},"4":{"start":{"line":18,"column":4},"end":{"line":36,"column":5}},"5":{"start":{"line":18,"column":17},"end":{"line":18,"column":18}},"6":{"start":{"line":19,"column":15},"end":{"line":19,"column":28}},"7":{"start":{"line":20,"column":15},"end":{"line":20,"column":21}},"8":{"start":{"line":21,"column":6},"end":{"line":21,"column":42}},"9":{"start":{"line":22,"column":6},"end":{"line":22,"column":36}},"10":{"start":{"line":23,"column":6},"end":{"line":23,"column":51}},"11":{"start":{"line":24,"column":6},"end":{"line":24,"column":32}},"12":{"start":{"line":25,"column":6},"end":{"line":35,"column":7}},"13":{"start":{"line":26,"column":8},"end":{"line":28,"column":49}},"14":{"start":{"line":30,"column":8},"end":{"line":34,"column":9}},"15":{"start":{"line":30,"column":21},"end":{"line":30,"column":22}},"16":{"start":{"line":31,"column":10},"end":{"line":33,"column":54}},"17":{"start":{"line":37,"column":4},"end":{"line":37,"column":18}}},"fnMap":{"0":{"name":"sumOfGaussianLorentzians","decl":{"start":{"line":9,"column":16},"end":{"line":9,"column":40}},"loc":{"start":{"line":9,"column":44},"end":{"line":39,"column":1}},"line":9},"1":{"name":"(anonymous_1)","decl":{"start":{"line":10,"column":9},"end":{"line":10,"column":10}},"loc":{"start":{"line":10,"column":22},"end":{"line":38,"column":3}},"line":10}},"branchMap":{"0":{"loc":{"start":{"line":17,"column":17},"end":{"line":17,"column":72}},"type":"cond-expr","locations":[{"start":{"line":17,"column":38},"end":{"line":17,"column":39}},{"start":{"line":17,"column":42},"end":{"line":17,"column":72}}],"line":17},"1":{"loc":{"start":{"line":25,"column":6},"end":{"line":35,"column":7}},"type":"if","locations":[{"start":{"line":25,"column":6},"end":{"line":35,"column":7}},{"start":{"line":25,"column":6},"end":{"line":35,"column":7}}],"line":25}},"s":{"0":1002,"1":31032,"2":31032,"3":31032,"4":31032,"5":31032,"6":62064,"7":62064,"8":62064,"9":62064,"10":62064,"11":62064,"12":62064,"13":62062,"14":2,"15":2,"16":62,"17":31032},"f":{"0":1002,"1":31032},"b":{"0":[31031,1],"1":[62062,2]},"_coverageSchema":"1a1c01bbd47fc00a2c39e90264f33305004495a9","hash":"67d752368f3a58ff98211a7a1b23b2145ba90480"}
,"/Users/lpatiny/git/mljs/optimize-lorentzian/src/sumOfGaussians.js": {"path":"/Users/lpatiny/git/mljs/optimize-lorentzian/src/sumOfGaussians.js","statementMap":{"0":{"start":{"line":10,"column":2},"end":{"line":26,"column":4}},"1":{"start":{"line":11,"column":13},"end":{"line":11,"column":25}},"2":{"start":{"line":13,"column":15},"end":{"line":13,"column":23}},"3":{"start":{"line":14,"column":17},"end":{"line":14,"column":72}},"4":{"start":{"line":15,"column":4},"end":{"line":24,"column":5}},"5":{"start":{"line":15,"column":17},"end":{"line":15,"column":18}},"6":{"start":{"line":16,"column":6},"end":{"line":16,"column":46}},"7":{"start":{"line":17,"column":6},"end":{"line":23,"column":7}},"8":{"start":{"line":18,"column":8},"end":{"line":18,"column":72}},"9":{"start":{"line":20,"column":8},"end":{"line":22,"column":9}},"10":{"start":{"line":20,"column":21},"end":{"line":20,"column":22}},"11":{"start":{"line":21,"column":10},"end":{"line":21,"column":80}},"12":{"start":{"line":25,"column":4},"end":{"line":25,"column":18}}},"fnMap":{"0":{"name":"sumOfGaussians","decl":{"start":{"line":9,"column":16},"end":{"line":9,"column":30}},"loc":{"start":{"line":9,"column":34},"end":{"line":27,"column":1}},"line":9},"1":{"name":"(anonymous_1)","decl":{"start":{"line":10,"column":9},"end":{"line":10,"column":10}},"loc":{"start":{"line":10,"column":22},"end":{"line":26,"column":3}},"line":10}},"branchMap":{"0":{"loc":{"start":{"line":14,"column":17},"end":{"line":14,"column":72}},"type":"cond-expr","locations":[{"start":{"line":14,"column":38},"end":{"line":14,"column":39}},{"start":{"line":14,"column":42},"end":{"line":14,"column":72}}],"line":14},"1":{"loc":{"start":{"line":17,"column":6},"end":{"line":23,"column":7}},"type":"if","locations":[{"start":{"line":17,"column":6},"end":{"line":23,"column":7}},{"start":{"line":17,"column":6},"end":{"line":23,"column":7}}],"line":17}},"s":{"0":74,"1":2264,"2":2264,"3":2264,"4":2264,"5":2264,"6":4528,"7":4528,"8":4526,"9":2,"10":2,"11":62,"12":2264},"f":{"0":74,"1":2264},"b":{"0":[2263,1],"1":[4526,2]},"_coverageSchema":"1a1c01bbd47fc00a2c39e90264f33305004495a9","hash":"57b50b62fdc95f5e40d94fd279ad391913805cc8"}
,"/Users/lpatiny/git/mljs/optimize-lorentzian/src/sumOfLorentzians.js": {"path":"/Users/lpatiny/git/mljs/optimize-lorentzian/src/sumOfLorentzians.js","statementMap":{"0":{"start":{"line":10,"column":2},"end":{"line":28,"column":4}},"1":{"start":{"line":11,"column":13},"end":{"line":11,"column":25}},"2":{"start":{"line":14,"column":15},"end":{"line":14,"column":23}},"3":{"start":{"line":15,"column":17},"end":{"line":15,"column":72}},"4":{"start":{"line":16,"column":4},"end":{"line":26,"column":5}},"5":{"start":{"line":16,"column":17},"end":{"line":16,"column":18}},"6":{"start":{"line":17,"column":6},"end":{"line":17,"column":42}},"7":{"start":{"line":18,"column":6},"end":{"line":18,"column":30}},"8":{"start":{"line":19,"column":6},"end":{"line":25,"column":7}},"9":{"start":{"line":20,"column":8},"end":{"line":20,"column":56}},"10":{"start":{"line":22,"column":8},"end":{"line":24,"column":9}},"11":{"start":{"line":22,"column":21},"end":{"line":22,"column":22}},"12":{"start":{"line":23,"column":10},"end":{"line":23,"column":64}},"13":{"start":{"line":27,"column":4},"end":{"line":27,"column":18}}},"fnMap":{"0":{"name":"sumOfLorentzians","decl":{"start":{"line":9,"column":16},"end":{"line":9,"column":32}},"loc":{"start":{"line":9,"column":36},"end":{"line":29,"column":1}},"line":9},"1":{"name":"(anonymous_1)","decl":{"start":{"line":10,"column":9},"end":{"line":10,"column":10}},"loc":{"start":{"line":10,"column":22},"end":{"line":28,"column":3}},"line":10}},"branchMap":{"0":{"loc":{"start":{"line":15,"column":17},"end":{"line":15,"column":72}},"type":"cond-expr","locations":[{"start":{"line":15,"column":38},"end":{"line":15,"column":39}},{"start":{"line":15,"column":42},"end":{"line":15,"column":72}}],"line":15},"1":{"loc":{"start":{"line":19,"column":6},"end":{"line":25,"column":7}},"type":"if","locations":[{"start":{"line":19,"column":6},"end":{"line":25,"column":7}},{"start":{"line":19,"column":6},"end":{"line":25,"column":7}}],"line":19}},"s":{"0":138,"1":4248,"2":4248,"3":4248,"4":4248,"5":4248,"6":8496,"7":8496,"8":8496,"9":8494,"10":2,"11":2,"12":62,"13":4248},"f":{"0":138,"1":4248},"b":{"0":[4247,1],"1":[8494,2]},"_coverageSchema":"1a1c01bbd47fc00a2c39e90264f33305004495a9","hash":"33a2a8fbb71b96e83f48589208966f4d97c4e080"}
}
