{"/home/abolanos/git/mljs/optimize-lorentzian/src/index.js": {"path":"/home/abolanos/git/mljs/optimize-lorentzian/src/index.js","statementMap":{},"fnMap":{},"branchMap":{},"s":{},"f":{},"b":{},"_coverageSchema":"1a1c01bbd47fc00a2c39e90264f33305004495a9","hash":"d7ca854ce409da8ada3738a49d6bb59984bf5e3b"}
,"/home/abolanos/git/mljs/optimize-lorentzian/src/optimize.js": {"path":"/home/abolanos/git/mljs/optimize-lorentzian/src/optimize.js","statementMap":{"0":{"start":{"line":10,"column":15},"end":{"line":10,"column":49}},"1":{"start":{"line":11,"column":2},"end":{"line":11,"column":19}}},"fnMap":{"0":{"name":"optimize","decl":{"start":{"line":9,"column":16},"end":{"line":9,"column":24}},"loc":{"start":{"line":9,"column":51},"end":{"line":12,"column":1}},"line":9}},"branchMap":{"0":{"loc":{"start":{"line":9,"column":37},"end":{"line":9,"column":49}},"type":"default-arg","locations":[{"start":{"line":9,"column":47},"end":{"line":9,"column":49}}],"line":9}},"s":{"0":2,"1":2},"f":{"0":2},"b":{"0":[0]},"_coverageSchema":"1a1c01bbd47fc00a2c39e90264f33305004495a9","hash":"00ae69a1b2875ee99b67fd11f41cb0ce7954165a"}
,"/home/abolanos/git/mljs/optimize-lorentzian/src/optimizeSum.js": {"path":"/home/abolanos/git/mljs/optimize-lorentzian/src/optimizeSum.js","statementMap":{"0":{"start":{"line":18,"column":46},"end":{"line":18,"column":53}},"1":{"start":{"line":20,"column":13},"end":{"line":20,"column":32}},"2":{"start":{"line":21,"column":2},"end":{"line":21,"column":50}},"3":{"start":{"line":21,"column":33},"end":{"line":21,"column":47}},"4":{"start":{"line":25,"column":2},"end":{"line":37,"column":3}},"5":{"start":{"line":27,"column":6},"end":{"line":27,"column":19}},"6":{"start":{"line":28,"column":6},"end":{"line":28,"column":36}},"7":{"start":{"line":29,"column":6},"end":{"line":29,"column":12}},"8":{"start":{"line":31,"column":6},"end":{"line":31,"column":19}},"9":{"start":{"line":32,"column":6},"end":{"line":32,"column":44}},"10":{"start":{"line":33,"column":6},"end":{"line":33,"column":12}},"11":{"start":{"line":35,"column":6},"end":{"line":35,"column":19}},"12":{"start":{"line":36,"column":6},"end":{"line":36,"column":34}},"13":{"start":{"line":39,"column":11},"end":{"line":39,"column":23}},"14":{"start":{"line":40,"column":14},"end":{"line":40,"column":45}},"15":{"start":{"line":41,"column":13},"end":{"line":41,"column":44}},"16":{"start":{"line":42,"column":13},"end":{"line":42,"column":44}},"17":{"start":{"line":43,"column":11},"end":{"line":43,"column":42}},"18":{"start":{"line":45,"column":2},"end":{"line":52,"column":3}},"19":{"start":{"line":45,"column":15},"end":{"line":45,"column":16}},"20":{"start":{"line":46,"column":15},"end":{"line":46,"column":23}},"21":{"start":{"line":47,"column":4},"end":{"line":51,"column":5}},"22":{"start":{"line":47,"column":17},"end":{"line":47,"column":18}},"23":{"start":{"line":48,"column":6},"end":{"line":48,"column":56}},"24":{"start":{"line":49,"column":6},"end":{"line":49,"column":54}},"25":{"start":{"line":50,"column":6},"end":{"line":50,"column":54}},"26":{"start":{"line":54,"column":2},"end":{"line":62,"column":5}},"27":{"start":{"line":63,"column":13},"end":{"line":63,"column":44}},"28":{"start":{"line":65,"column":15},"end":{"line":65,"column":28}},"29":{"start":{"line":66,"column":2},"end":{"line":72,"column":3}},"30":{"start":{"line":66,"column":15},"end":{"line":66,"column":16}},"31":{"start":{"line":67,"column":4},"end":{"line":67,"column":41}},"32":{"start":{"line":68,"column":4},"end":{"line":68,"column":80}},"33":{"start":{"line":69,"column":4},"end":{"line":71,"column":5}},"34":{"start":{"line":69,"column":17},"end":{"line":69,"column":18}},"35":{"start":{"line":70,"column":6},"end":{"line":70,"column":65}},"36":{"start":{"line":73,"column":2},"end":{"line":73,"column":16}},"37":{"start":{"line":78,"column":2},"end":{"line":96,"column":3}},"38":{"start":{"line":80,"column":6},"end":{"line":81,"column":76}},"39":{"start":{"line":82,"column":6},"end":{"line":82,"column":12}},"40":{"start":{"line":84,"column":6},"end":{"line":84,"column":59}},"41":{"start":{"line":85,"column":6},"end":{"line":85,"column":12}},"42":{"start":{"line":87,"column":6},"end":{"line":92,"column":27}},"43":{"start":{"line":93,"column":6},"end":{"line":93,"column":12}},"44":{"start":{"line":95,"column":6},"end":{"line":95,"column":59}},"45":{"start":{"line":97,"column":2},"end":{"line":97,"column":15}}},"fnMap":{"0":{"name":"optimizeSum","decl":{"start":{"line":17,"column":16},"end":{"line":17,"column":27}},"loc":{"start":{"line":17,"column":55},"end":{"line":74,"column":1}},"line":17},"1":{"name":"(anonymous_1)","decl":{"start":{"line":21,"column":17},"end":{"line":21,"column":18}},"loc":{"start":{"line":21,"column":33},"end":{"line":21,"column":47}},"line":21},"2":{"name":"getValue","decl":{"start":{"line":76,"column":9},"end":{"line":76,"column":17}},"loc":{"start":{"line":76,"column":36},"end":{"line":98,"column":1}},"line":76}},"branchMap":{"0":{"loc":{"start":{"line":17,"column":41},"end":{"line":17,"column":53}},"type":"default-arg","locations":[{"start":{"line":17,"column":51},"end":{"line":17,"column":53}}],"line":17},"1":{"loc":{"start":{"line":18,"column":8},"end":{"line":18,"column":25}},"type":"default-arg","locations":[{"start":{"line":18,"column":15},"end":{"line":18,"column":25}}],"line":18},"2":{"loc":{"start":{"line":18,"column":27},"end":{"line":18,"column":41}},"type":"default-arg","locations":[{"start":{"line":18,"column":39},"end":{"line":18,"column":41}}],"line":18},"3":{"loc":{"start":{"line":25,"column":2},"end":{"line":37,"column":3}},"type":"switch","locations":[{"start":{"line":26,"column":4},"end":{"line":29,"column":12}},{"start":{"line":30,"column":4},"end":{"line":33,"column":12}},{"start":{"line":34,"column":4},"end":{"line":36,"column":34}}],"line":25},"4":{"loc":{"start":{"line":78,"column":2},"end":{"line":96,"column":3}},"type":"switch","locations":[{"start":{"line":79,"column":4},"end":{"line":82,"column":12}},{"start":{"line":83,"column":4},"end":{"line":85,"column":12}},{"start":{"line":86,"column":4},"end":{"line":93,"column":12}},{"start":{"line":94,"column":4},"end":{"line":95,"column":59}}],"line":78},"5":{"loc":{"start":{"line":81,"column":8},"end":{"line":81,"column":75}},"type":"cond-expr","locations":[{"start":{"line":81,"column":25},"end":{"line":81,"column":31}},{"start":{"line":81,"column":34},"end":{"line":81,"column":75}}],"line":81},"6":{"loc":{"start":{"line":81,"column":34},"end":{"line":81,"column":75}},"type":"cond-expr","locations":[{"start":{"line":81,"column":50},"end":{"line":81,"column":61}},{"start":{"line":81,"column":64},"end":{"line":81,"column":75}}],"line":81},"7":{"loc":{"start":{"line":84,"column":14},"end":{"line":84,"column":58}},"type":"cond-expr","locations":[{"start":{"line":84,"column":31},"end":{"line":84,"column":32}},{"start":{"line":84,"column":35},"end":{"line":84,"column":58}}],"line":84},"8":{"loc":{"start":{"line":84,"column":35},"end":{"line":84,"column":58}},"type":"cond-expr","locations":[{"start":{"line":84,"column":51},"end":{"line":84,"column":52}},{"start":{"line":84,"column":55},"end":{"line":84,"column":58}}],"line":84},"9":{"loc":{"start":{"line":88,"column":8},"end":{"line":92,"column":26}},"type":"cond-expr","locations":[{"start":{"line":89,"column":12},"end":{"line":89,"column":22}},{"start":{"line":90,"column":12},"end":{"line":92,"column":26}}],"line":88},"10":{"loc":{"start":{"line":90,"column":12},"end":{"line":92,"column":26}},"type":"cond-expr","locations":[{"start":{"line":91,"column":12},"end":{"line":91,"column":26}},{"start":{"line":92,"column":12},"end":{"line":92,"column":26}}],"line":90},"11":{"loc":{"start":{"line":95,"column":14},"end":{"line":95,"column":58}},"type":"cond-expr","locations":[{"start":{"line":95,"column":31},"end":{"line":95,"column":34}},{"start":{"line":95,"column":37},"end":{"line":95,"column":58}}],"line":95},"12":{"loc":{"start":{"line":95,"column":37},"end":{"line":95,"column":58}},"type":"cond-expr","locations":[{"start":{"line":95,"column":53},"end":{"line":95,"column":54}},{"start":{"line":95,"column":57},"end":{"line":95,"column":58}}],"line":95}},"s":{"0":5,"1":5,"2":5,"3":155,"4":5,"5":2,"6":2,"7":2,"8":1,"9":1,"10":1,"11":2,"12":2,"13":5,"14":5,"15":5,"16":5,"17":5,"18":5,"19":5,"20":8,"21":8,"22":8,"23":26,"24":26,"25":26,"26":5,"27":5,"28":5,"29":5,"30":5,"31":8,"32":8,"33":8,"34":8,"35":26,"36":5,"37":78,"38":24,"39":24,"40":24,"41":24,"42":24,"43":24,"44":6,"45":78},"f":{"0":5,"1":155,"2":78},"b":{"0":[0],"1":[0],"2":[5],"3":[2,1,2],"4":[24,24,24,6],"5":[8,16],"6":[8,8],"7":[8,16],"8":[8,8],"9":[8,16],"10":[8,8],"11":[2,4],"12":[2,2]},"_coverageSchema":"1a1c01bbd47fc00a2c39e90264f33305004495a9","hash":"48a887f7a6c0a4adda3a9e7787748df2999f8871"}
,"/home/abolanos/git/mljs/optimize-lorentzian/src/shapes/sumOfGaussianLorentzians.js": {"path":"/home/abolanos/git/mljs/optimize-lorentzian/src/shapes/sumOfGaussianLorentzians.js","statementMap":{"0":{"start":{"line":10,"column":2},"end":{"line":25,"column":4}},"1":{"start":{"line":11,"column":13},"end":{"line":11,"column":25}},"2":{"start":{"line":12,"column":17},"end":{"line":12,"column":18}},"3":{"start":{"line":13,"column":4},"end":{"line":23,"column":5}},"4":{"start":{"line":13,"column":17},"end":{"line":13,"column":18}},"5":{"start":{"line":14,"column":15},"end":{"line":14,"column":28}},"6":{"start":{"line":15,"column":15},"end":{"line":15,"column":21}},"7":{"start":{"line":16,"column":15},"end":{"line":16,"column":45}},"8":{"start":{"line":17,"column":20},"end":{"line":17,"column":39}},"9":{"start":{"line":18,"column":21},"end":{"line":18,"column":54}},"10":{"start":{"line":19,"column":21},"end":{"line":19,"column":35}},"11":{"start":{"line":20,"column":6},"end":{"line":22,"column":47}},"12":{"start":{"line":24,"column":4},"end":{"line":24,"column":18}}},"fnMap":{"0":{"name":"sumOfGaussianLorentzians","decl":{"start":{"line":9,"column":16},"end":{"line":9,"column":40}},"loc":{"start":{"line":9,"column":44},"end":{"line":26,"column":1}},"line":9},"1":{"name":"(anonymous_1)","decl":{"start":{"line":10,"column":9},"end":{"line":10,"column":10}},"loc":{"start":{"line":10,"column":22},"end":{"line":25,"column":3}},"line":10}},"branchMap":{},"s":{"0":1002,"1":31062,"2":31062,"3":31062,"4":31062,"5":62124,"6":62124,"7":62124,"8":62124,"9":62124,"10":62124,"11":62124,"12":31062},"f":{"0":1002,"1":31062},"b":{},"_coverageSchema":"1a1c01bbd47fc00a2c39e90264f33305004495a9","hash":"e35169fc7b93a0aa9274dbb4fdacb5e0b835347f"}
,"/home/abolanos/git/mljs/optimize-lorentzian/src/shapes/sumOfGaussians.js": {"path":"/home/abolanos/git/mljs/optimize-lorentzian/src/shapes/sumOfGaussians.js","statementMap":{"0":{"start":{"line":10,"column":2},"end":{"line":18,"column":4}},"1":{"start":{"line":11,"column":13},"end":{"line":11,"column":25}},"2":{"start":{"line":12,"column":17},"end":{"line":12,"column":18}},"3":{"start":{"line":13,"column":4},"end":{"line":16,"column":5}},"4":{"start":{"line":13,"column":17},"end":{"line":13,"column":18}},"5":{"start":{"line":14,"column":6},"end":{"line":15,"column":75}},"6":{"start":{"line":17,"column":4},"end":{"line":17,"column":18}}},"fnMap":{"0":{"name":"sumOfGaussians","decl":{"start":{"line":9,"column":16},"end":{"line":9,"column":30}},"loc":{"start":{"line":9,"column":34},"end":{"line":19,"column":1}},"line":9},"1":{"name":"(anonymous_1)","decl":{"start":{"line":10,"column":9},"end":{"line":10,"column":10}},"loc":{"start":{"line":10,"column":22},"end":{"line":18,"column":3}},"line":10}},"branchMap":{},"s":{"0":113,"1":3503,"2":3503,"3":3503,"4":3503,"5":5549,"6":3503},"f":{"0":113,"1":3503},"b":{},"_coverageSchema":"1a1c01bbd47fc00a2c39e90264f33305004495a9","hash":"96b1e175bd1b5467240823fde54cb829e0b8f24e"}
,"/home/abolanos/git/mljs/optimize-lorentzian/src/shapes/sumOfLorentzians.js": {"path":"/home/abolanos/git/mljs/optimize-lorentzian/src/shapes/sumOfLorentzians.js","statementMap":{"0":{"start":{"line":10,"column":2},"end":{"line":19,"column":4}},"1":{"start":{"line":11,"column":13},"end":{"line":11,"column":25}},"2":{"start":{"line":12,"column":17},"end":{"line":12,"column":18}},"3":{"start":{"line":13,"column":4},"end":{"line":17,"column":5}},"4":{"start":{"line":13,"column":17},"end":{"line":13,"column":18}},"5":{"start":{"line":14,"column":15},"end":{"line":14,"column":45}},"6":{"start":{"line":15,"column":19},"end":{"line":15,"column":33}},"7":{"start":{"line":16,"column":6},"end":{"line":16,"column":54}},"8":{"start":{"line":18,"column":4},"end":{"line":18,"column":18}}},"fnMap":{"0":{"name":"sumOfLorentzians","decl":{"start":{"line":9,"column":16},"end":{"line":9,"column":32}},"loc":{"start":{"line":9,"column":36},"end":{"line":20,"column":1}},"line":9},"1":{"name":"(anonymous_1)","decl":{"start":{"line":10,"column":9},"end":{"line":10,"column":10}},"loc":{"start":{"line":10,"column":22},"end":{"line":19,"column":3}},"line":10}},"branchMap":{},"s":{"0":230,"1":7130,"2":7130,"3":7130,"4":7130,"5":11408,"6":11408,"7":11408,"8":7130},"f":{"0":230,"1":7130},"b":{},"_coverageSchema":"1a1c01bbd47fc00a2c39e90264f33305004495a9","hash":"d0865a1055f8abee7fefe6dbea37cafcd9880a89"}
}
