TN:
SF:src/index.js
FNF:0
FNH:0
LF:0
LH:0
BRF:0
BRH:0
end_of_record
TN:
SF:src/optimize.js
FN:9,optimize
FNF:1
FNH:1
FNDA:2,optimize
DA:10,2
DA:11,2
LF:2
LH:2
BRDA:9,0,0,0
BRF:1
BRH:0
end_of_record
TN:
SF:src/optimizeSum.js
FN:17,optimizeSum
FN:21,(anonymous_1)
FN:76,getValue
FNF:3
FNH:3
FNDA:5,optimizeSum
FNDA:155,(anonymous_1)
FNDA:78,getValue
DA:18,5
DA:20,5
DA:21,155
DA:25,5
DA:27,2
DA:28,2
DA:29,2
DA:31,1
DA:32,1
DA:33,1
DA:35,2
DA:36,2
DA:39,5
DA:40,5
DA:41,5
DA:42,5
DA:43,5
DA:45,5
DA:46,8
DA:47,8
DA:48,26
DA:49,26
DA:50,26
DA:54,5
DA:63,5
DA:65,5
DA:66,5
DA:67,8
DA:68,8
DA:69,8
DA:70,26
DA:73,5
DA:78,78
DA:80,24
DA:82,24
DA:84,24
DA:85,24
DA:87,24
DA:93,24
DA:95,6
DA:97,78
LF:41
LH:41
BRDA:17,0,0,0
BRDA:18,1,0,0
BRDA:18,2,0,5
BRDA:25,3,0,2
BRDA:25,3,1,1
BRDA:25,3,2,2
BRDA:78,4,0,24
BRDA:78,4,1,24
BRDA:78,4,2,24
BRDA:78,4,3,6
BRDA:81,5,0,8
BRDA:81,5,1,16
BRDA:81,6,0,8
BRDA:81,6,1,8
BRDA:84,7,0,8
BRDA:84,7,1,16
BRDA:84,8,0,8
BRDA:84,8,1,8
BRDA:88,9,0,8
BRDA:88,9,1,16
BRDA:90,10,0,8
BRDA:90,10,1,8
BRDA:95,11,0,2
BRDA:95,11,1,4
BRDA:95,12,0,2
BRDA:95,12,1,2
BRF:26
BRH:24
end_of_record
TN:
SF:src/shapes/sumOfGaussianLorentzians.js
FN:9,sumOfGaussianLorentzians
FN:10,(anonymous_1)
FNF:2
FNH:2
FNDA:1002,sumOfGaussianLorentzians
FNDA:31062,(anonymous_1)
DA:10,1002
DA:11,31062
DA:12,31062
DA:13,31062
DA:14,62124
DA:15,62124
DA:16,62124
DA:17,62124
DA:18,62124
DA:19,62124
DA:20,62124
DA:24,31062
LF:12
LH:12
BRF:0
BRH:0
end_of_record
TN:
SF:src/shapes/sumOfGaussians.js
FN:9,sumOfGaussians
FN:10,(anonymous_1)
FNF:2
FNH:2
FNDA:113,sumOfGaussians
FNDA:3503,(anonymous_1)
DA:10,113
DA:11,3503
DA:12,3503
DA:13,3503
DA:14,5549
DA:17,3503
LF:6
LH:6
BRF:0
BRH:0
end_of_record
TN:
SF:src/shapes/sumOfLorentzians.js
FN:9,sumOfLorentzians
FN:10,(anonymous_1)
FNF:2
FNH:2
FNDA:230,sumOfLorentzians
FNDA:7130,(anonymous_1)
DA:10,230
DA:11,7130
DA:12,7130
DA:13,7130
DA:14,11408
DA:15,11408
DA:16,11408
DA:18,7130
LF:8
LH:8
BRF:0
BRH:0
end_of_record
