TN:
SF:src/index.js
FNF:0
FNH:0
LF:0
LH:0
BRF:0
BRH:0
end_of_record
TN:
SF:src/optimizeGaussianLorentzianSum.js
FN:5,optimizeGaussianLorentzianSum
FN:9,(anonymous_1)
FNF:2
FNH:2
FNDA:1,optimizeGaussianLorentzianSum
FNDA:31,(anonymous_1)
DA:6,1
DA:7,1
DA:8,1
DA:9,31
DA:10,1
DA:11,1
DA:12,1
DA:13,1
DA:14,1
DA:16,1
DA:17,2
DA:18,2
DA:19,2
DA:20,2
DA:22,2
DA:23,2
DA:24,2
DA:25,2
DA:27,2
DA:28,2
DA:29,2
DA:30,2
DA:33,1
DA:38,1
DA:40,1
DA:49,1
DA:50,1
DA:51,1
DA:52,2
DA:62,1
LF:30
LH:30
BRDA:5,0,0,1
BRF:1
BRH:1
end_of_record
TN:
SF:src/optimizeGaussianSum.js
FN:11,optimizeGaussianSum
FN:15,(anonymous_1)
FNF:2
FNH:2
FNDA:1,optimizeGaussianSum
FNDA:31,(anonymous_1)
DA:12,1
DA:13,1
DA:14,1
DA:15,31
DA:16,1
DA:17,1
DA:18,1
DA:19,1
DA:20,1
DA:22,1
DA:23,2
DA:24,2
DA:25,2
DA:27,2
DA:28,2
DA:29,2
DA:31,2
DA:32,2
DA:33,2
DA:36,1
DA:40,1
DA:42,1
DA:52,1
DA:54,1
DA:55,1
DA:56,2
DA:65,1
LF:27
LH:27
BRDA:11,0,0,1
BRF:1
BRH:1
end_of_record
TN:
SF:src/optimizeGaussianTrain.js
FN:6,optimizeGaussianTrain
FN:10,(anonymous_1)
FNF:2
FNH:2
FNDA:1,optimizeGaussianTrain
FNDA:31,(anonymous_1)
DA:7,1
DA:8,1
DA:9,1
DA:10,31
DA:11,1
DA:12,1
DA:15,1
DA:17,1
DA:18,1
DA:19,1
DA:20,1
DA:21,1
DA:22,1
DA:23,1
DA:24,15
DA:25,15
DA:26,15
DA:28,1
DA:29,1
DA:30,1
DA:37,0
DA:45,1
LF:22
LH:21
BRDA:6,0,0,1
BRDA:19,1,0,10
BRDA:19,1,1,9
BRDA:23,2,0,16
BRDA:23,2,1,15
BRDA:29,3,0,1
BRDA:29,3,1,0
BRF:7
BRH:6
end_of_record
TN:
SF:src/optimizeLorentzianSum.js
FN:11,optimizeLorentzianSum
FN:15,(anonymous_1)
FNF:2
FNH:2
FNDA:1,optimizeLorentzianSum
FNDA:31,(anonymous_1)
DA:12,1
DA:13,1
DA:14,1
DA:15,31
DA:17,1
DA:18,1
DA:19,1
DA:20,1
DA:21,1
DA:23,1
DA:24,2
DA:25,2
DA:26,2
DA:28,2
DA:29,2
DA:30,2
DA:32,2
DA:33,2
DA:34,2
DA:37,1
DA:42,1
DA:44,1
DA:54,1
DA:56,1
DA:57,1
DA:58,2
DA:67,1
LF:27
LH:27
BRDA:11,0,0,1
BRF:1
BRH:1
end_of_record
TN:
SF:src/optimizeLorentzianTrain.js
FN:6,optimizeLorentzianTrain
FN:10,(anonymous_1)
FNF:2
FNH:2
FNDA:1,optimizeLorentzianTrain
FNDA:31,(anonymous_1)
DA:7,1
DA:8,1
DA:9,1
DA:10,31
DA:11,1
DA:12,1
DA:15,1
DA:17,1
DA:18,1
DA:19,1
DA:20,1
DA:21,1
DA:22,1
DA:23,1
DA:24,15
DA:25,15
DA:26,15
DA:28,1
DA:29,1
DA:30,1
DA:37,0
DA:45,1
LF:22
LH:21
BRDA:6,0,0,1
BRDA:19,1,0,10
BRDA:19,1,1,9
BRDA:23,2,0,16
BRDA:23,2,1,15
BRDA:29,3,0,1
BRDA:29,3,1,0
BRF:7
BRH:6
end_of_record
TN:
SF:src/optimizeSingleGaussian.js
FN:10,optimizeSingleGaussian
FN:14,(anonymous_1)
FNF:2
FNH:2
FNDA:2,optimizeSingleGaussian
FNDA:46,(anonymous_1)
DA:11,2
DA:12,2
DA:13,2
DA:14,46
DA:15,2
DA:16,2
DA:17,2
DA:18,2
DA:20,2
DA:25,2
DA:35,2
DA:36,2
DA:37,2
LF:13
LH:13
BRDA:10,0,0,1
BRF:1
BRH:1
end_of_record
TN:
SF:src/optimizeSingleLorentzian.js
FN:10,optimizeSingleLorentzian
FN:14,(anonymous_1)
FNF:2
FNH:2
FNDA:2,optimizeSingleLorentzian
FNDA:46,(anonymous_1)
DA:11,2
DA:12,2
DA:13,2
DA:14,46
DA:15,2
DA:16,2
DA:17,2
DA:18,2
DA:20,2
DA:25,2
DA:34,2
DA:35,2
DA:36,2
LF:13
LH:13
BRDA:10,0,0,1
BRF:1
BRH:1
end_of_record
TN:
SF:src/singleGaussian.js
FN:9,singleGaussian
FN:10,(anonymous_1)
FNF:2
FNH:2
FNDA:134,singleGaussian
FNDA:3038,(anonymous_1)
DA:10,134
DA:11,3038
DA:12,3038
DA:13,3038
DA:14,2
DA:15,2
DA:16,62
DA:18,2
LF:8
LH:8
BRDA:13,0,0,3036
BRDA:13,0,1,2
BRF:2
BRH:2
end_of_record
TN:
SF:src/singleLorentzian.js
FN:9,singleLorentzian
FN:10,(anonymous_1)
FNF:2
FNH:2
FNDA:184,singleLorentzian
FNDA:4188,(anonymous_1)
DA:10,184
DA:11,4188
DA:12,4188
DA:13,4188
DA:14,2
DA:15,2
DA:16,62
DA:18,2
LF:8
LH:8
BRDA:13,0,0,4186
BRDA:13,0,1,2
BRF:2
BRH:2
end_of_record
TN:
SF:src/sumOfGaussianLorentzians.js
FN:9,sumOfGaussianLorentzians
FN:10,(anonymous_1)
FNF:2
FNH:2
FNDA:1002,sumOfGaussianLorentzians
FNDA:31032,(anonymous_1)
DA:10,1002
DA:11,31032
DA:15,31032
DA:17,31032
DA:18,31032
DA:19,62064
DA:20,62064
DA:21,62064
DA:22,62064
DA:23,62064
DA:24,62064
DA:25,62064
DA:26,62062
DA:30,2
DA:31,62
DA:37,31032
LF:16
LH:16
BRDA:17,0,0,31031
BRDA:17,0,1,1
BRDA:25,1,0,62062
BRDA:25,1,1,2
BRF:4
BRH:4
end_of_record
TN:
SF:src/sumOfGaussians.js
FN:9,sumOfGaussians
FN:10,(anonymous_1)
FNF:2
FNH:2
FNDA:74,sumOfGaussians
FNDA:2264,(anonymous_1)
DA:10,74
DA:11,2264
DA:13,2264
DA:14,2264
DA:15,2264
DA:16,4528
DA:17,4528
DA:18,4526
DA:20,2
DA:21,62
DA:25,2264
LF:11
LH:11
BRDA:14,0,0,2263
BRDA:14,0,1,1
BRDA:17,1,0,4526
BRDA:17,1,1,2
BRF:4
BRH:4
end_of_record
TN:
SF:src/sumOfLorentzians.js
FN:9,sumOfLorentzians
FN:10,(anonymous_1)
FNF:2
FNH:2
FNDA:138,sumOfLorentzians
FNDA:4248,(anonymous_1)
DA:10,138
DA:11,4248
DA:14,4248
DA:15,4248
DA:16,4248
DA:17,8496
DA:18,8496
DA:19,8496
DA:20,8494
DA:22,2
DA:23,62
DA:27,4248
LF:12
LH:12
BRDA:15,0,0,4247
BRDA:15,0,1,1
BRDA:19,1,0,8494
BRDA:19,1,1,2
BRF:4
BRH:4
end_of_record
